<?xml version="1.0" encoding="UTF-8"?>
<beans xmlns="http://www.springframework.org/schema/beans"
	xmlns:context="http://www.springframework.org/schema/context"
	xmlns:xsi="http://www.w3.org/2001/XMLSchema-instance" xmlns:jdbc="http://www.springframework.org/schema/jdbc"
	xsi:schemaLocation="http://www.springframework.org/schema/jdbc 
		http://www.springframework.org/schema/jdbc/spring-jdbc-3.1.xsd
		http://www.springframework.org/schema/beans 
		http://www.springframework.org/schema/beans/spring-beans.xsd
		http://www.springframework.org/schema/context
 		http://www.springframework.org/schema/context/spring-context-4.0.xsd">

<!-- 	<context:annotation-config />
	<context:component-scan base-package="org.jeff.projs.ihbh" /> -->
	<!-- Database -->

<!-- 	<bean id="dataSource" class="org.apache.commons.dbcp2.BasicDataSource">
		<property name="driverClassName" value="com.mysql.jdbc.Driver" />
		<property name="url" value="jdbc:mysql://97.74.31.62:3306/testlhbp" />
		<property name="username" value="testlhbp" />
		<property name="password" value="Brunner@1" />
		<property name="initialSize" value="2" />
		<property name="maxTotal" value="5" />
	</bean> -->
	<bean id="messageSource"
		class="org.springframework.context.support.ResourceBundleMessageSource">
		<property name="basenames">
			<list>
				<value>ju-messages</value>
				<value>db-messages</value>
			</list>
		</property>
	</bean>

</beans>
